

Started GET "/" for ::1 at 2015-01-22 11:37:33 -0500
Processing by Rails::WelcomeController#index as HTML
  Rendered /usr/local/lib/ruby/gems/2.1.0/gems/railties-4.2.0/lib/rails/templates/rails/welcome/index.html.erb (1.1ms)
Completed 200 OK in 13ms (Views: 6.3ms | ActiveRecord: 0.0ms)


Started GET "/rails/info/properties" for ::1 at 2015-01-22 11:37:38 -0500
Processing by Rails::InfoController#properties as */*
  Rendered /usr/local/lib/ruby/gems/2.1.0/gems/railties-4.2.0/lib/rails/templates/rails/info/properties.html.erb (0.4ms)
Completed 200 OK in 33ms (Views: 7.8ms | ActiveRecord: 1.0ms)


Started GET "/" for ::1 at 2015-01-22 11:46:58 -0500
Processing by WelcomeController#index as HTML
  Rendered welcome/index.html.erb within layouts/application (1.1ms)
Completed 200 OK in 866ms (Views: 857.8ms | ActiveRecord: 0.0ms)


Started GET "/assets/welcome-a667019d38147c1c4b1e0a3afab2f583.css?body=1" for ::1 at 2015-01-22 11:46:59 -0500


Started GET "/assets/application-8c18e5d6e8ae399311ccba2b42b33209.css?body=1" for ::1 at 2015-01-22 11:46:59 -0500


Started GET "/assets/jquery-8c4e6828020641551e75881ff96bd52d.js?body=1" for ::1 at 2015-01-22 11:46:59 -0500


Started GET "/assets/jquery_ujs-dea3df1e9bbead522c4dd93cb57a1e87.js?body=1" for ::1 at 2015-01-22 11:46:59 -0500


Started GET "/assets/turbolinks-dec8433f33530f21d5f9404e0d893fa3.js?body=1" for ::1 at 2015-01-22 11:46:59 -0500


Started GET "/assets/welcome-14306cbf8971492c8d2c72c69ed66560.js?body=1" for ::1 at 2015-01-22 11:46:59 -0500


Started GET "/assets/application-9f4634837b0177d971b3a3737231ac43.js?body=1" for ::1 at 2015-01-22 11:46:59 -0500


Started GET "/" for ::1 at 2015-01-22 11:47:12 -0500
Processing by Rails::WelcomeController#index as HTML
  Rendered /usr/local/lib/ruby/gems/2.1.0/gems/railties-4.2.0/lib/rails/templates/rails/welcome/index.html.erb (0.5ms)
Completed 200 OK in 3ms (Views: 2.6ms | ActiveRecord: 0.0ms)


Started GET "/" for ::1 at 2015-01-22 11:47:19 -0500
Processing by WelcomeController#index as HTML
  Rendered welcome/index.html.erb within layouts/application (0.1ms)
Completed 200 OK in 33ms (Views: 32.7ms | ActiveRecord: 0.0ms)


Started GET "/assets/welcome-a667019d38147c1c4b1e0a3afab2f583.css?body=1" for ::1 at 2015-01-22 11:47:19 -0500


Started GET "/assets/application-8c18e5d6e8ae399311ccba2b42b33209.css?body=1" for ::1 at 2015-01-22 11:47:19 -0500


Started GET "/assets/turbolinks-dec8433f33530f21d5f9404e0d893fa3.js?body=1" for ::1 at 2015-01-22 11:47:19 -0500


Started GET "/assets/jquery_ujs-dea3df1e9bbead522c4dd93cb57a1e87.js?body=1" for ::1 at 2015-01-22 11:47:19 -0500


Started GET "/assets/jquery-8c4e6828020641551e75881ff96bd52d.js?body=1" for ::1 at 2015-01-22 11:47:19 -0500


Started GET "/assets/welcome-14306cbf8971492c8d2c72c69ed66560.js?body=1" for ::1 at 2015-01-22 11:47:19 -0500


Started GET "/assets/application-9f4634837b0177d971b3a3737231ac43.js?body=1" for ::1 at 2015-01-22 11:47:19 -0500


Started GET "/" for ::1 at 2015-01-22 11:47:26 -0500
Processing by WelcomeController#index as HTML
  Rendered welcome/index.html.erb within layouts/application (0.0ms)
Completed 200 OK in 35ms (Views: 34.6ms | ActiveRecord: 0.0ms)


Started GET "/assets/welcome-a667019d38147c1c4b1e0a3afab2f583.css?body=1" for ::1 at 2015-01-22 11:47:26 -0500


Started GET "/assets/application-8c18e5d6e8ae399311ccba2b42b33209.css?body=1" for ::1 at 2015-01-22 11:47:26 -0500


Started GET "/assets/jquery_ujs-dea3df1e9bbead522c4dd93cb57a1e87.js?body=1" for ::1 at 2015-01-22 11:47:26 -0500


Started GET "/assets/jquery-8c4e6828020641551e75881ff96bd52d.js?body=1" for ::1 at 2015-01-22 11:47:26 -0500


Started GET "/assets/turbolinks-dec8433f33530f21d5f9404e0d893fa3.js?body=1" for ::1 at 2015-01-22 11:47:26 -0500


Started GET "/assets/welcome-14306cbf8971492c8d2c72c69ed66560.js?body=1" for ::1 at 2015-01-22 11:47:26 -0500


Started GET "/assets/application-9f4634837b0177d971b3a3737231ac43.js?body=1" for ::1 at 2015-01-22 11:47:26 -0500


Started GET "/" for ::1 at 2015-01-22 11:47:27 -0500
Processing by WelcomeController#index as HTML
  Rendered welcome/index.html.erb within layouts/application (0.0ms)
Completed 200 OK in 32ms (Views: 31.9ms | ActiveRecord: 0.0ms)


Started GET "/assets/welcome-a667019d38147c1c4b1e0a3afab2f583.css?body=1" for ::1 at 2015-01-22 11:47:27 -0500


Started GET "/assets/application-8c18e5d6e8ae399311ccba2b42b33209.css?body=1" for ::1 at 2015-01-22 11:47:27 -0500


Started GET "/assets/jquery-8c4e6828020641551e75881ff96bd52d.js?body=1" for ::1 at 2015-01-22 11:47:27 -0500


Started GET "/assets/jquery_ujs-dea3df1e9bbead522c4dd93cb57a1e87.js?body=1" for ::1 at 2015-01-22 11:47:27 -0500


Started GET "/assets/welcome-14306cbf8971492c8d2c72c69ed66560.js?body=1" for ::1 at 2015-01-22 11:47:27 -0500


Started GET "/assets/turbolinks-dec8433f33530f21d5f9404e0d893fa3.js?body=1" for ::1 at 2015-01-22 11:47:27 -0500


Started GET "/assets/application-9f4634837b0177d971b3a3737231ac43.js?body=1" for ::1 at 2015-01-22 11:47:27 -0500


Started GET "/" for ::1 at 2015-01-22 11:47:27 -0500
Processing by WelcomeController#index as HTML
  Rendered welcome/index.html.erb within layouts/application (0.0ms)
Completed 200 OK in 30ms (Views: 29.9ms | ActiveRecord: 0.0ms)


Started GET "/assets/welcome-a667019d38147c1c4b1e0a3afab2f583.css?body=1" for ::1 at 2015-01-22 11:47:27 -0500


Started GET "/assets/application-8c18e5d6e8ae399311ccba2b42b33209.css?body=1" for ::1 at 2015-01-22 11:47:27 -0500


Started GET "/assets/welcome-14306cbf8971492c8d2c72c69ed66560.js?body=1" for ::1 at 2015-01-22 11:47:27 -0500


Started GET "/assets/jquery_ujs-dea3df1e9bbead522c4dd93cb57a1e87.js?body=1" for ::1 at 2015-01-22 11:47:27 -0500


Started GET "/assets/jquery-8c4e6828020641551e75881ff96bd52d.js?body=1" for ::1 at 2015-01-22 11:47:27 -0500


Started GET "/assets/turbolinks-dec8433f33530f21d5f9404e0d893fa3.js?body=1" for ::1 at 2015-01-22 11:47:27 -0500


Started GET "/assets/application-9f4634837b0177d971b3a3737231ac43.js?body=1" for ::1 at 2015-01-22 11:47:27 -0500


Started GET "/welcome/index" for ::1 at 2015-01-22 11:48:40 -0500
Processing by WelcomeController#index as HTML
  Rendered welcome/index.html.erb within layouts/application (0.0ms)
Completed 200 OK in 86ms (Views: 85.1ms | ActiveRecord: 0.0ms)


Started GET "/assets/welcome-a667019d38147c1c4b1e0a3afab2f583.css?body=1" for ::1 at 2015-01-22 11:48:40 -0500


Started GET "/assets/application-8c18e5d6e8ae399311ccba2b42b33209.css?body=1" for ::1 at 2015-01-22 11:48:40 -0500


Started GET "/assets/jquery_ujs-dea3df1e9bbead522c4dd93cb57a1e87.js?body=1" for ::1 at 2015-01-22 11:48:40 -0500


Started GET "/assets/turbolinks-dec8433f33530f21d5f9404e0d893fa3.js?body=1" for ::1 at 2015-01-22 11:48:40 -0500


Started GET "/assets/application-9f4634837b0177d971b3a3737231ac43.js?body=1" for ::1 at 2015-01-22 11:48:40 -0500


Started GET "/assets/jquery-8c4e6828020641551e75881ff96bd52d.js?body=1" for ::1 at 2015-01-22 11:48:40 -0500


Started GET "/assets/welcome-14306cbf8971492c8d2c72c69ed66560.js?body=1" for ::1 at 2015-01-22 11:48:40 -0500


Started GET "/welcome/index" for ::1 at 2015-01-22 11:48:46 -0500

ActionController::RoutingError (No route matches [GET] "/welcome/index"):
  web-console (2.0.0) lib/action_dispatch/debug_exceptions.rb:22:in `middleware_call'
  web-console (2.0.0) lib/action_dispatch/debug_exceptions.rb:13:in `call'
  actionpack (4.2.0) lib/action_dispatch/middleware/show_exceptions.rb:30:in `call'
  railties (4.2.0) lib/rails/rack/logger.rb:38:in `call_app'
  railties (4.2.0) lib/rails/rack/logger.rb:20:in `block in call'
  activesupport (4.2.0) lib/active_support/tagged_logging.rb:68:in `block in tagged'
  activesupport (4.2.0) lib/active_support/tagged_logging.rb:26:in `tagged'
  activesupport (4.2.0) lib/active_support/tagged_logging.rb:68:in `tagged'
  railties (4.2.0) lib/rails/rack/logger.rb:20:in `call'
  actionpack (4.2.0) lib/action_dispatch/middleware/request_id.rb:21:in `call'
  rack (1.6.0) lib/rack/methodoverride.rb:22:in `call'
  rack (1.6.0) lib/rack/runtime.rb:18:in `call'
  activesupport (4.2.0) lib/active_support/cache/strategy/local_cache_middleware.rb:28:in `call'
  rack (1.6.0) lib/rack/lock.rb:17:in `call'
  actionpack (4.2.0) lib/action_dispatch/middleware/static.rb:113:in `call'
  rack (1.6.0) lib/rack/sendfile.rb:113:in `call'
  railties (4.2.0) lib/rails/engine.rb:518:in `call'
  railties (4.2.0) lib/rails/application.rb:164:in `call'
  rack (1.6.0) lib/rack/lock.rb:17:in `call'
  rack (1.6.0) lib/rack/content_length.rb:15:in `call'
  rack (1.6.0) lib/rack/handler/webrick.rb:89:in `service'
  /usr/local/Cellar/ruby/2.1.2_3/lib/ruby/2.1.0/webrick/httpserver.rb:138:in `service'
  /usr/local/Cellar/ruby/2.1.2_3/lib/ruby/2.1.0/webrick/httpserver.rb:94:in `run'
  /usr/local/Cellar/ruby/2.1.2_3/lib/ruby/2.1.0/webrick/server.rb:295:in `block in start_thread'


  Rendered /usr/local/lib/ruby/gems/2.1.0/gems/web-console-2.0.0/lib/action_dispatch/templates/rescues/_trace.html.erb (1.1ms)
  Rendered /usr/local/lib/ruby/gems/2.1.0/gems/web-console-2.0.0/lib/action_dispatch/templates/routes/_route.html.erb (0.5ms)
  Rendered /usr/local/lib/ruby/gems/2.1.0/gems/web-console-2.0.0/lib/action_dispatch/templates/routes/_table.html.erb (5.0ms)
  Rendered /usr/local/lib/ruby/gems/2.1.0/gems/web-console-2.0.0/lib/action_dispatch/templates/rescues/_request_and_response.html.erb (1.1ms)
  Rendered /usr/local/lib/ruby/gems/2.1.0/gems/web-console-2.0.0/lib/action_dispatch/templates/rescues/_web_console.html.erb (0.6ms)
  Rendered /usr/local/lib/ruby/gems/2.1.0/gems/web-console-2.0.0/lib/action_dispatch/templates/rescues/routing_error.html.erb within rescues/layout (28.4ms)


Started GET "/" for ::1 at 2015-01-22 11:48:52 -0500
Processing by WelcomeController#index as HTML
  Rendered welcome/index.html.erb within layouts/application (0.0ms)
Completed 200 OK in 32ms (Views: 31.6ms | ActiveRecord: 0.0ms)


Started GET "/assets/welcome-a667019d38147c1c4b1e0a3afab2f583.css?body=1" for ::1 at 2015-01-22 11:48:52 -0500


Started GET "/assets/jquery_ujs-dea3df1e9bbead522c4dd93cb57a1e87.js?body=1" for ::1 at 2015-01-22 11:48:52 -0500


Started GET "/assets/turbolinks-dec8433f33530f21d5f9404e0d893fa3.js?body=1" for ::1 at 2015-01-22 11:48:52 -0500


Started GET "/assets/application-8c18e5d6e8ae399311ccba2b42b33209.css?body=1" for ::1 at 2015-01-22 11:48:52 -0500


Started GET "/assets/welcome-14306cbf8971492c8d2c72c69ed66560.js?body=1" for ::1 at 2015-01-22 11:48:52 -0500


Started GET "/assets/jquery-8c4e6828020641551e75881ff96bd52d.js?body=1" for ::1 at 2015-01-22 11:48:52 -0500


Started GET "/assets/application-9f4634837b0177d971b3a3737231ac43.js?body=1" for ::1 at 2015-01-22 11:48:52 -0500


Started GET "/pls" for ::1 at 2015-01-22 11:49:29 -0500

ActionController::RoutingError (No route matches [GET] "/pls"):
  web-console (2.0.0) lib/action_dispatch/debug_exceptions.rb:22:in `middleware_call'
  web-console (2.0.0) lib/action_dispatch/debug_exceptions.rb:13:in `call'
  actionpack (4.2.0) lib/action_dispatch/middleware/show_exceptions.rb:30:in `call'
  railties (4.2.0) lib/rails/rack/logger.rb:38:in `call_app'
  railties (4.2.0) lib/rails/rack/logger.rb:20:in `block in call'
  activesupport (4.2.0) lib/active_support/tagged_logging.rb:68:in `block in tagged'
  activesupport (4.2.0) lib/active_support/tagged_logging.rb:26:in `tagged'
  activesupport (4.2.0) lib/active_support/tagged_logging.rb:68:in `tagged'
  railties (4.2.0) lib/rails/rack/logger.rb:20:in `call'
  actionpack (4.2.0) lib/action_dispatch/middleware/request_id.rb:21:in `call'
  rack (1.6.0) lib/rack/methodoverride.rb:22:in `call'
  rack (1.6.0) lib/rack/runtime.rb:18:in `call'
  activesupport (4.2.0) lib/active_support/cache/strategy/local_cache_middleware.rb:28:in `call'
  rack (1.6.0) lib/rack/lock.rb:17:in `call'
  actionpack (4.2.0) lib/action_dispatch/middleware/static.rb:113:in `call'
  rack (1.6.0) lib/rack/sendfile.rb:113:in `call'
  railties (4.2.0) lib/rails/engine.rb:518:in `call'
  railties (4.2.0) lib/rails/application.rb:164:in `call'
  rack (1.6.0) lib/rack/lock.rb:17:in `call'
  rack (1.6.0) lib/rack/content_length.rb:15:in `call'
  rack (1.6.0) lib/rack/handler/webrick.rb:89:in `service'
  /usr/local/Cellar/ruby/2.1.2_3/lib/ruby/2.1.0/webrick/httpserver.rb:138:in `service'
  /usr/local/Cellar/ruby/2.1.2_3/lib/ruby/2.1.0/webrick/httpserver.rb:94:in `run'
  /usr/local/Cellar/ruby/2.1.2_3/lib/ruby/2.1.0/webrick/server.rb:295:in `block in start_thread'


  Rendered /usr/local/lib/ruby/gems/2.1.0/gems/web-console-2.0.0/lib/action_dispatch/templates/rescues/_trace.html.erb (0.9ms)
  Rendered /usr/local/lib/ruby/gems/2.1.0/gems/web-console-2.0.0/lib/action_dispatch/templates/routes/_route.html.erb (0.4ms)
  Rendered /usr/local/lib/ruby/gems/2.1.0/gems/web-console-2.0.0/lib/action_dispatch/templates/routes/_table.html.erb (0.8ms)
  Rendered /usr/local/lib/ruby/gems/2.1.0/gems/web-console-2.0.0/lib/action_dispatch/templates/rescues/_request_and_response.html.erb (0.9ms)
  Rendered /usr/local/lib/ruby/gems/2.1.0/gems/web-console-2.0.0/lib/action_dispatch/templates/rescues/_web_console.html.erb (0.7ms)
  Rendered /usr/local/lib/ruby/gems/2.1.0/gems/web-console-2.0.0/lib/action_dispatch/templates/rescues/routing_error.html.erb within rescues/layout (18.4ms)


Started GET "/welcome/index" for ::1 at 2015-01-22 11:49:32 -0500
Processing by WelcomeController#index as HTML
  Rendered welcome/index.html.erb within layouts/application (0.0ms)
Completed 200 OK in 31ms (Views: 30.1ms | ActiveRecord: 0.0ms)


Started GET "/assets/welcome-a667019d38147c1c4b1e0a3afab2f583.css?body=1" for ::1 at 2015-01-22 11:49:32 -0500


Started GET "/assets/application-8c18e5d6e8ae399311ccba2b42b33209.css?body=1" for ::1 at 2015-01-22 11:49:32 -0500


Started GET "/assets/jquery_ujs-dea3df1e9bbead522c4dd93cb57a1e87.js?body=1" for ::1 at 2015-01-22 11:49:32 -0500


Started GET "/assets/jquery-8c4e6828020641551e75881ff96bd52d.js?body=1" for ::1 at 2015-01-22 11:49:32 -0500


Started GET "/assets/turbolinks-dec8433f33530f21d5f9404e0d893fa3.js?body=1" for ::1 at 2015-01-22 11:49:32 -0500


Started GET "/assets/application-9f4634837b0177d971b3a3737231ac43.js?body=1" for ::1 at 2015-01-22 11:49:32 -0500


Started GET "/assets/welcome-14306cbf8971492c8d2c72c69ed66560.js?body=1" for ::1 at 2015-01-22 11:49:32 -0500


Started GET "/welcome/index" for ::1 at 2015-01-22 11:49:39 -0500

ActionController::RoutingError (No route matches [GET] "/welcome/index"):
  web-console (2.0.0) lib/action_dispatch/debug_exceptions.rb:22:in `middleware_call'
  web-console (2.0.0) lib/action_dispatch/debug_exceptions.rb:13:in `call'
  actionpack (4.2.0) lib/action_dispatch/middleware/show_exceptions.rb:30:in `call'
  railties (4.2.0) lib/rails/rack/logger.rb:38:in `call_app'
  railties (4.2.0) lib/rails/rack/logger.rb:20:in `block in call'
  activesupport (4.2.0) lib/active_support/tagged_logging.rb:68:in `block in tagged'
  activesupport (4.2.0) lib/active_support/tagged_logging.rb:26:in `tagged'
  activesupport (4.2.0) lib/active_support/tagged_logging.rb:68:in `tagged'
  railties (4.2.0) lib/rails/rack/logger.rb:20:in `call'
  actionpack (4.2.0) lib/action_dispatch/middleware/request_id.rb:21:in `call'
  rack (1.6.0) lib/rack/methodoverride.rb:22:in `call'
  rack (1.6.0) lib/rack/runtime.rb:18:in `call'
  activesupport (4.2.0) lib/active_support/cache/strategy/local_cache_middleware.rb:28:in `call'
  rack (1.6.0) lib/rack/lock.rb:17:in `call'
  actionpack (4.2.0) lib/action_dispatch/middleware/static.rb:113:in `call'
  rack (1.6.0) lib/rack/sendfile.rb:113:in `call'
  railties (4.2.0) lib/rails/engine.rb:518:in `call'
  railties (4.2.0) lib/rails/application.rb:164:in `call'
  rack (1.6.0) lib/rack/lock.rb:17:in `call'
  rack (1.6.0) lib/rack/content_length.rb:15:in `call'
  rack (1.6.0) lib/rack/handler/webrick.rb:89:in `service'
  /usr/local/Cellar/ruby/2.1.2_3/lib/ruby/2.1.0/webrick/httpserver.rb:138:in `service'
  /usr/local/Cellar/ruby/2.1.2_3/lib/ruby/2.1.0/webrick/httpserver.rb:94:in `run'
  /usr/local/Cellar/ruby/2.1.2_3/lib/ruby/2.1.0/webrick/server.rb:295:in `block in start_thread'


  Rendered /usr/local/lib/ruby/gems/2.1.0/gems/web-console-2.0.0/lib/action_dispatch/templates/rescues/_trace.html.erb (1.2ms)
  Rendered /usr/local/lib/ruby/gems/2.1.0/gems/web-console-2.0.0/lib/action_dispatch/templates/routes/_route.html.erb (0.5ms)
  Rendered /usr/local/lib/ruby/gems/2.1.0/gems/web-console-2.0.0/lib/action_dispatch/templates/routes/_table.html.erb (1.1ms)
  Rendered /usr/local/lib/ruby/gems/2.1.0/gems/web-console-2.0.0/lib/action_dispatch/templates/rescues/_request_and_response.html.erb (0.9ms)
  Rendered /usr/local/lib/ruby/gems/2.1.0/gems/web-console-2.0.0/lib/action_dispatch/templates/rescues/_web_console.html.erb (0.7ms)
  Rendered /usr/local/lib/ruby/gems/2.1.0/gems/web-console-2.0.0/lib/action_dispatch/templates/rescues/routing_error.html.erb within rescues/layout (22.0ms)


Started GET "/welcome/index" for ::1 at 2015-01-22 11:49:45 -0500
Processing by WelcomeController#index as HTML
  Rendered welcome/index.html.erb within layouts/application (5.8ms)
Completed 200 OK in 59ms (Views: 58.6ms | ActiveRecord: 0.0ms)


Started GET "/assets/welcome-a667019d38147c1c4b1e0a3afab2f583.css?body=1" for ::1 at 2015-01-22 11:49:45 -0500


Started GET "/assets/jquery_ujs-dea3df1e9bbead522c4dd93cb57a1e87.js?body=1" for ::1 at 2015-01-22 11:49:45 -0500


Started GET "/assets/jquery-8c4e6828020641551e75881ff96bd52d.js?body=1" for ::1 at 2015-01-22 11:49:45 -0500


Started GET "/assets/application-8c18e5d6e8ae399311ccba2b42b33209.css?body=1" for ::1 at 2015-01-22 11:49:45 -0500


Started GET "/assets/turbolinks-dec8433f33530f21d5f9404e0d893fa3.js?body=1" for ::1 at 2015-01-22 11:49:45 -0500


Started GET "/assets/welcome-14306cbf8971492c8d2c72c69ed66560.js?body=1" for ::1 at 2015-01-22 11:49:45 -0500


Started GET "/assets/application-9f4634837b0177d971b3a3737231ac43.js?body=1" for ::1 at 2015-01-22 11:49:45 -0500


Started GET "/" for ::1 at 2015-01-22 13:00:45 -0500
Processing by WelcomeController#index as HTML
  Rendered welcome/index.html.erb within layouts/application (0.0ms)
Completed 200 OK in 37ms (Views: 36.2ms | ActiveRecord: 0.0ms)


Started GET "/assets/jquery-8c4e6828020641551e75881ff96bd52d.js?body=1" for ::1 at 2015-01-22 13:00:45 -0500


Started GET "/assets/jquery_ujs-dea3df1e9bbead522c4dd93cb57a1e87.js?body=1" for ::1 at 2015-01-22 13:00:45 -0500


Started GET "/assets/welcome-a667019d38147c1c4b1e0a3afab2f583.css?body=1" for ::1 at 2015-01-22 13:00:45 -0500


Started GET "/assets/application-8c18e5d6e8ae399311ccba2b42b33209.css?body=1" for ::1 at 2015-01-22 13:00:45 -0500


Started GET "/assets/turbolinks-dec8433f33530f21d5f9404e0d893fa3.js?body=1" for ::1 at 2015-01-22 13:00:45 -0500


Started GET "/assets/welcome-14306cbf8971492c8d2c72c69ed66560.js?body=1" for ::1 at 2015-01-22 13:00:45 -0500


Started GET "/assets/application-9f4634837b0177d971b3a3737231ac43.js?body=1" for ::1 at 2015-01-22 13:00:45 -0500


Started GET "/articles/new" for ::1 at 2015-01-22 13:03:54 -0500
Processing by ArticlesController#new as HTML
Completed 500 Internal Server Error in 4ms

ActionView::MissingTemplate (Missing template articles/new, application/new with {:locale=>[:en], :formats=>[:html], :variants=>[], :handlers=>[:erb, :builder, :raw, :ruby, :coffee, :jbuilder]}. Searched in:
  * "/usr/local/lib/ruby/gems/2.1.0/gems/web-console-2.0.0/lib/action_dispatch/templates"
  * "/Users/mattao/Code/TSCLunch/web/app/views"
):
  actionview (4.2.0) lib/action_view/path_set.rb:46:in `find'
  actionview (4.2.0) lib/action_view/lookup_context.rb:121:in `find'
  actionview (4.2.0) lib/action_view/renderer/abstract_renderer.rb:18:in `find_template'
  actionview (4.2.0) lib/action_view/renderer/template_renderer.rb:40:in `determine_template'
  actionview (4.2.0) lib/action_view/renderer/template_renderer.rb:8:in `render'
  actionview (4.2.0) lib/action_view/renderer/renderer.rb:42:in `render_template'
  actionview (4.2.0) lib/action_view/renderer/renderer.rb:23:in `render'
  actionview (4.2.0) lib/action_view/rendering.rb:100:in `_render_template'
  actionpack (4.2.0) lib/action_controller/metal/streaming.rb:217:in `_render_template'
  actionview (4.2.0) lib/action_view/rendering.rb:83:in `render_to_body'
  actionpack (4.2.0) lib/action_controller/metal/rendering.rb:32:in `render_to_body'
  actionpack (4.2.0) lib/action_controller/metal/renderers.rb:37:in `render_to_body'
  actionpack (4.2.0) lib/abstract_controller/rendering.rb:25:in `render'
  actionpack (4.2.0) lib/action_controller/metal/rendering.rb:16:in `render'
  actionpack (4.2.0) lib/action_controller/metal/instrumentation.rb:41:in `block (2 levels) in render'
  activesupport (4.2.0) lib/active_support/core_ext/benchmark.rb:12:in `block in ms'
  /usr/local/Cellar/ruby/2.1.2_3/lib/ruby/2.1.0/benchmark.rb:294:in `realtime'
  activesupport (4.2.0) lib/active_support/core_ext/benchmark.rb:12:in `ms'
  actionpack (4.2.0) lib/action_controller/metal/instrumentation.rb:41:in `block in render'
  actionpack (4.2.0) lib/action_controller/metal/instrumentation.rb:84:in `cleanup_view_runtime'
  activerecord (4.2.0) lib/active_record/railties/controller_runtime.rb:25:in `cleanup_view_runtime'
  actionpack (4.2.0) lib/action_controller/metal/instrumentation.rb:40:in `render'
  actionpack (4.2.0) lib/action_controller/metal/implicit_render.rb:10:in `default_render'
  actionpack (4.2.0) lib/action_controller/metal/implicit_render.rb:5:in `send_action'
  actionpack (4.2.0) lib/abstract_controller/base.rb:198:in `process_action'
  actionpack (4.2.0) lib/action_controller/metal/rendering.rb:10:in `process_action'
  actionpack (4.2.0) lib/abstract_controller/callbacks.rb:20:in `block in process_action'
  activesupport (4.2.0) lib/active_support/callbacks.rb:117:in `call'
  activesupport (4.2.0) lib/active_support/callbacks.rb:117:in `call'
  activesupport (4.2.0) lib/active_support/callbacks.rb:234:in `block in halting'
  activesupport (4.2.0) lib/active_support/callbacks.rb:234:in `call'
  activesupport (4.2.0) lib/active_support/callbacks.rb:234:in `block in halting'
  activesupport (4.2.0) lib/active_support/callbacks.rb:169:in `call'
  activesupport (4.2.0) lib/active_support/callbacks.rb:169:in `block in halting'
  activesupport (4.2.0) lib/active_support/callbacks.rb:169:in `call'
  activesupport (4.2.0) lib/active_support/callbacks.rb:169:in `block in halting'
  activesupport (4.2.0) lib/active_support/callbacks.rb:234:in `call'
  activesupport (4.2.0) lib/active_support/callbacks.rb:234:in `block in halting'
  activesupport (4.2.0) lib/active_support/callbacks.rb:169:in `call'
  activesupport (4.2.0) lib/active_support/callbacks.rb:169:in `block in halting'
  activesupport (4.2.0) lib/active_support/callbacks.rb:92:in `call'
  activesupport (4.2.0) lib/active_support/callbacks.rb:92:in `_run_callbacks'
  activesupport (4.2.0) lib/active_support/callbacks.rb:734:in `_run_process_action_callbacks'
  activesupport (4.2.0) lib/active_support/callbacks.rb:81:in `run_callbacks'
  actionpack (4.2.0) lib/abstract_controller/callbacks.rb:19:in `process_action'
  actionpack (4.2.0) lib/action_controller/metal/rescue.rb:29:in `process_action'
  actionpack (4.2.0) lib/action_controller/metal/instrumentation.rb:31:in `block in process_action'
  activesupport (4.2.0) lib/active_support/notifications.rb:164:in `block in instrument'
  activesupport (4.2.0) lib/active_support/notifications/instrumenter.rb:20:in `instrument'
  activesupport (4.2.0) lib/active_support/notifications.rb:164:in `instrument'
  actionpack (4.2.0) lib/action_controller/metal/instrumentation.rb:30:in `process_action'
  actionpack (4.2.0) lib/action_controller/metal/params_wrapper.rb:250:in `process_action'
  activerecord (4.2.0) lib/active_record/railties/controller_runtime.rb:18:in `process_action'
  actionpack (4.2.0) lib/abstract_controller/base.rb:137:in `process'
  actionview (4.2.0) lib/action_view/rendering.rb:30:in `process'
  actionpack (4.2.0) lib/action_controller/metal.rb:195:in `dispatch'
  actionpack (4.2.0) lib/action_controller/metal/rack_delegation.rb:13:in `dispatch'
  actionpack (4.2.0) lib/action_controller/metal.rb:236:in `block in action'
  actionpack (4.2.0) lib/action_dispatch/routing/route_set.rb:73:in `call'
  actionpack (4.2.0) lib/action_dispatch/routing/route_set.rb:73:in `dispatch'
  actionpack (4.2.0) lib/action_dispatch/routing/route_set.rb:42:in `serve'
  actionpack (4.2.0) lib/action_dispatch/journey/router.rb:43:in `block in serve'
  actionpack (4.2.0) lib/action_dispatch/journey/router.rb:30:in `each'
  actionpack (4.2.0) lib/action_dispatch/journey/router.rb:30:in `serve'
  actionpack (4.2.0) lib/action_dispatch/routing/route_set.rb:802:in `call'
  rack (1.6.0) lib/rack/etag.rb:24:in `call'
  rack (1.6.0) lib/rack/conditionalget.rb:25:in `call'
  rack (1.6.0) lib/rack/head.rb:13:in `call'
  actionpack (4.2.0) lib/action_dispatch/middleware/params_parser.rb:27:in `call'
  actionpack (4.2.0) lib/action_dispatch/middleware/flash.rb:260:in `call'
  rack (1.6.0) lib/rack/session/abstract/id.rb:225:in `context'
  rack (1.6.0) lib/rack/session/abstract/id.rb:220:in `call'
  actionpack (4.2.0) lib/action_dispatch/middleware/cookies.rb:560:in `call'
  activerecord (4.2.0) lib/active_record/query_cache.rb:36:in `call'
  activerecord (4.2.0) lib/active_record/connection_adapters/abstract/connection_pool.rb:647:in `call'
  activerecord (4.2.0) lib/active_record/migration.rb:378:in `call'
  actionpack (4.2.0) lib/action_dispatch/middleware/callbacks.rb:29:in `block in call'
  activesupport (4.2.0) lib/active_support/callbacks.rb:88:in `call'
  activesupport (4.2.0) lib/active_support/callbacks.rb:88:in `_run_callbacks'
  activesupport (4.2.0) lib/active_support/callbacks.rb:734:in `_run_call_callbacks'
  activesupport (4.2.0) lib/active_support/callbacks.rb:81:in `run_callbacks'
  actionpack (4.2.0) lib/action_dispatch/middleware/callbacks.rb:27:in `call'
  actionpack (4.2.0) lib/action_dispatch/middleware/reloader.rb:73:in `call'
  actionpack (4.2.0) lib/action_dispatch/middleware/remote_ip.rb:78:in `call'
  web-console (2.0.0) lib/action_dispatch/debug_exceptions.rb:18:in `middleware_call'
  web-console (2.0.0) lib/action_dispatch/debug_exceptions.rb:13:in `call'
  actionpack (4.2.0) lib/action_dispatch/middleware/show_exceptions.rb:30:in `call'
  railties (4.2.0) lib/rails/rack/logger.rb:38:in `call_app'
  railties (4.2.0) lib/rails/rack/logger.rb:20:in `block in call'
  activesupport (4.2.0) lib/active_support/tagged_logging.rb:68:in `block in tagged'
  activesupport (4.2.0) lib/active_support/tagged_logging.rb:26:in `tagged'
  activesupport (4.2.0) lib/active_support/tagged_logging.rb:68:in `tagged'
  railties (4.2.0) lib/rails/rack/logger.rb:20:in `call'
  actionpack (4.2.0) lib/action_dispatch/middleware/request_id.rb:21:in `call'
  rack (1.6.0) lib/rack/methodoverride.rb:22:in `call'
  rack (1.6.0) lib/rack/runtime.rb:18:in `call'
  activesupport (4.2.0) lib/active_support/cache/strategy/local_cache_middleware.rb:28:in `call'
  rack (1.6.0) lib/rack/lock.rb:17:in `call'
  actionpack (4.2.0) lib/action_dispatch/middleware/static.rb:113:in `call'
  rack (1.6.0) lib/rack/sendfile.rb:113:in `call'
  railties (4.2.0) lib/rails/engine.rb:518:in `call'
  railties (4.2.0) lib/rails/application.rb:164:in `call'
  rack (1.6.0) lib/rack/lock.rb:17:in `call'
  rack (1.6.0) lib/rack/content_length.rb:15:in `call'
  rack (1.6.0) lib/rack/handler/webrick.rb:89:in `service'
  /usr/local/Cellar/ruby/2.1.2_3/lib/ruby/2.1.0/webrick/httpserver.rb:138:in `service'
  /usr/local/Cellar/ruby/2.1.2_3/lib/ruby/2.1.0/webrick/httpserver.rb:94:in `run'
  /usr/local/Cellar/ruby/2.1.2_3/lib/ruby/2.1.0/webrick/server.rb:295:in `block in start_thread'


  Rendered /usr/local/lib/ruby/gems/2.1.0/gems/web-console-2.0.0/lib/action_dispatch/templates/rescues/_source.erb (5.2ms)
  Rendered /usr/local/lib/ruby/gems/2.1.0/gems/web-console-2.0.0/lib/action_dispatch/templates/rescues/_trace.html.erb (2.1ms)
  Rendered /usr/local/lib/ruby/gems/2.1.0/gems/web-console-2.0.0/lib/action_dispatch/templates/rescues/_request_and_response.html.erb (0.8ms)
  Rendered /usr/local/lib/ruby/gems/2.1.0/gems/web-console-2.0.0/lib/action_dispatch/templates/rescues/_web_console.html.erb (0.8ms)
  Rendered /usr/local/lib/ruby/gems/2.1.0/gems/web-console-2.0.0/lib/action_dispatch/templates/rescues/missing_template.html.erb within rescues/layout (21.1ms)


Started GET "/" for ::1 at 2015-01-22 13:06:12 -0500
Processing by WelcomeController#index as HTML
  Rendered welcome/index.html.erb within layouts/application (0.0ms)
Completed 200 OK in 141ms (Views: 140.2ms | ActiveRecord: 0.0ms)


Started GET "/assets/articles-a667019d38147c1c4b1e0a3afab2f583.css?body=1" for ::1 at 2015-01-22 13:06:13 -0500


Started GET "/assets/welcome-a667019d38147c1c4b1e0a3afab2f583.css?body=1" for ::1 at 2015-01-22 13:06:13 -0500


Started GET "/assets/jquery_ujs-dea3df1e9bbead522c4dd93cb57a1e87.js?body=1" for ::1 at 2015-01-22 13:06:13 -0500


Started GET "/assets/jquery-8c4e6828020641551e75881ff96bd52d.js?body=1" for ::1 at 2015-01-22 13:06:13 -0500


Started GET "/assets/turbolinks-dec8433f33530f21d5f9404e0d893fa3.js?body=1" for ::1 at 2015-01-22 13:06:13 -0500


Started GET "/assets/application-8c18e5d6e8ae399311ccba2b42b33209.css?body=1" for ::1 at 2015-01-22 13:06:13 -0500


Started GET "/assets/welcome-14306cbf8971492c8d2c72c69ed66560.js?body=1" for ::1 at 2015-01-22 13:06:13 -0500


Started GET "/assets/articles-14306cbf8971492c8d2c72c69ed66560.js?body=1" for ::1 at 2015-01-22 13:06:13 -0500


Started GET "/assets/application-f031f9a2272e1ae26a839d8146d22ac2.js?body=1" for ::1 at 2015-01-22 13:06:13 -0500


Started GET "/articles/new" for ::1 at 2015-01-22 13:06:16 -0500

AbstractController::ActionNotFound (The action 'new' could not be found for ArticlesController):
  actionpack (4.2.0) lib/abstract_controller/base.rb:132:in `process'
  actionview (4.2.0) lib/action_view/rendering.rb:30:in `process'
  actionpack (4.2.0) lib/action_controller/metal.rb:195:in `dispatch'
  actionpack (4.2.0) lib/action_controller/metal/rack_delegation.rb:13:in `dispatch'
  actionpack (4.2.0) lib/action_controller/metal.rb:236:in `block in action'
  actionpack (4.2.0) lib/action_dispatch/routing/route_set.rb:73:in `call'
  actionpack (4.2.0) lib/action_dispatch/routing/route_set.rb:73:in `dispatch'
  actionpack (4.2.0) lib/action_dispatch/routing/route_set.rb:42:in `serve'
  actionpack (4.2.0) lib/action_dispatch/journey/router.rb:43:in `block in serve'
  actionpack (4.2.0) lib/action_dispatch/journey/router.rb:30:in `each'
  actionpack (4.2.0) lib/action_dispatch/journey/router.rb:30:in `serve'
  actionpack (4.2.0) lib/action_dispatch/routing/route_set.rb:802:in `call'
  rack (1.6.0) lib/rack/etag.rb:24:in `call'
  rack (1.6.0) lib/rack/conditionalget.rb:25:in `call'
  rack (1.6.0) lib/rack/head.rb:13:in `call'
  actionpack (4.2.0) lib/action_dispatch/middleware/params_parser.rb:27:in `call'
  actionpack (4.2.0) lib/action_dispatch/middleware/flash.rb:260:in `call'
  rack (1.6.0) lib/rack/session/abstract/id.rb:225:in `context'
  rack (1.6.0) lib/rack/session/abstract/id.rb:220:in `call'
  actionpack (4.2.0) lib/action_dispatch/middleware/cookies.rb:560:in `call'
  activerecord (4.2.0) lib/active_record/query_cache.rb:36:in `call'
  activerecord (4.2.0) lib/active_record/connection_adapters/abstract/connection_pool.rb:647:in `call'
  activerecord (4.2.0) lib/active_record/migration.rb:378:in `call'
  actionpack (4.2.0) lib/action_dispatch/middleware/callbacks.rb:29:in `block in call'
  activesupport (4.2.0) lib/active_support/callbacks.rb:88:in `call'
  activesupport (4.2.0) lib/active_support/callbacks.rb:88:in `_run_callbacks'
  activesupport (4.2.0) lib/active_support/callbacks.rb:734:in `_run_call_callbacks'
  activesupport (4.2.0) lib/active_support/callbacks.rb:81:in `run_callbacks'
  actionpack (4.2.0) lib/action_dispatch/middleware/callbacks.rb:27:in `call'
  actionpack (4.2.0) lib/action_dispatch/middleware/reloader.rb:73:in `call'
  actionpack (4.2.0) lib/action_dispatch/middleware/remote_ip.rb:78:in `call'
  web-console (2.0.0) lib/action_dispatch/debug_exceptions.rb:18:in `middleware_call'
  web-console (2.0.0) lib/action_dispatch/debug_exceptions.rb:13:in `call'
  actionpack (4.2.0) lib/action_dispatch/middleware/show_exceptions.rb:30:in `call'
  railties (4.2.0) lib/rails/rack/logger.rb:38:in `call_app'
  railties (4.2.0) lib/rails/rack/logger.rb:20:in `block in call'
  activesupport (4.2.0) lib/active_support/tagged_logging.rb:68:in `block in tagged'
  activesupport (4.2.0) lib/active_support/tagged_logging.rb:26:in `tagged'
  activesupport (4.2.0) lib/active_support/tagged_logging.rb:68:in `tagged'
  railties (4.2.0) lib/rails/rack/logger.rb:20:in `call'
  actionpack (4.2.0) lib/action_dispatch/middleware/request_id.rb:21:in `call'
  rack (1.6.0) lib/rack/methodoverride.rb:22:in `call'
  rack (1.6.0) lib/rack/runtime.rb:18:in `call'
  activesupport (4.2.0) lib/active_support/cache/strategy/local_cache_middleware.rb:28:in `call'
  rack (1.6.0) lib/rack/lock.rb:17:in `call'
  actionpack (4.2.0) lib/action_dispatch/middleware/static.rb:113:in `call'
  rack (1.6.0) lib/rack/sendfile.rb:113:in `call'
  railties (4.2.0) lib/rails/engine.rb:518:in `call'
  railties (4.2.0) lib/rails/application.rb:164:in `call'
  rack (1.6.0) lib/rack/lock.rb:17:in `call'
  rack (1.6.0) lib/rack/content_length.rb:15:in `call'
  rack (1.6.0) lib/rack/handler/webrick.rb:89:in `service'
  /usr/local/Cellar/ruby/2.1.2_3/lib/ruby/2.1.0/webrick/httpserver.rb:138:in `service'
  /usr/local/Cellar/ruby/2.1.2_3/lib/ruby/2.1.0/webrick/httpserver.rb:94:in `run'
  /usr/local/Cellar/ruby/2.1.2_3/lib/ruby/2.1.0/webrick/server.rb:295:in `block in start_thread'


  Rendered /usr/local/lib/ruby/gems/2.1.0/gems/web-console-2.0.0/lib/action_dispatch/templates/rescues/unknown_action.html.erb within rescues/layout (0.5ms)


Started GET "/articles/createnew" for ::1 at 2015-01-22 13:06:30 -0500

AbstractController::ActionNotFound (The action 'show' could not be found for ArticlesController):
  actionpack (4.2.0) lib/abstract_controller/base.rb:132:in `process'
  actionview (4.2.0) lib/action_view/rendering.rb:30:in `process'
  actionpack (4.2.0) lib/action_controller/metal.rb:195:in `dispatch'
  actionpack (4.2.0) lib/action_controller/metal/rack_delegation.rb:13:in `dispatch'
  actionpack (4.2.0) lib/action_controller/metal.rb:236:in `block in action'
  actionpack (4.2.0) lib/action_dispatch/routing/route_set.rb:73:in `call'
  actionpack (4.2.0) lib/action_dispatch/routing/route_set.rb:73:in `dispatch'
  actionpack (4.2.0) lib/action_dispatch/routing/route_set.rb:42:in `serve'
  actionpack (4.2.0) lib/action_dispatch/journey/router.rb:43:in `block in serve'
  actionpack (4.2.0) lib/action_dispatch/journey/router.rb:30:in `each'
  actionpack (4.2.0) lib/action_dispatch/journey/router.rb:30:in `serve'
  actionpack (4.2.0) lib/action_dispatch/routing/route_set.rb:802:in `call'
  rack (1.6.0) lib/rack/etag.rb:24:in `call'
  rack (1.6.0) lib/rack/conditionalget.rb:25:in `call'
  rack (1.6.0) lib/rack/head.rb:13:in `call'
  actionpack (4.2.0) lib/action_dispatch/middleware/params_parser.rb:27:in `call'
  actionpack (4.2.0) lib/action_dispatch/middleware/flash.rb:260:in `call'
  rack (1.6.0) lib/rack/session/abstract/id.rb:225:in `context'
  rack (1.6.0) lib/rack/session/abstract/id.rb:220:in `call'
  actionpack (4.2.0) lib/action_dispatch/middleware/cookies.rb:560:in `call'
  activerecord (4.2.0) lib/active_record/query_cache.rb:36:in `call'
  activerecord (4.2.0) lib/active_record/connection_adapters/abstract/connection_pool.rb:647:in `call'
  activerecord (4.2.0) lib/active_record/migration.rb:378:in `call'
  actionpack (4.2.0) lib/action_dispatch/middleware/callbacks.rb:29:in `block in call'
  activesupport (4.2.0) lib/active_support/callbacks.rb:88:in `call'
  activesupport (4.2.0) lib/active_support/callbacks.rb:88:in `_run_callbacks'
  activesupport (4.2.0) lib/active_support/callbacks.rb:734:in `_run_call_callbacks'
  activesupport (4.2.0) lib/active_support/callbacks.rb:81:in `run_callbacks'
  actionpack (4.2.0) lib/action_dispatch/middleware/callbacks.rb:27:in `call'
  actionpack (4.2.0) lib/action_dispatch/middleware/reloader.rb:73:in `call'
  actionpack (4.2.0) lib/action_dispatch/middleware/remote_ip.rb:78:in `call'
  web-console (2.0.0) lib/action_dispatch/debug_exceptions.rb:18:in `middleware_call'
  web-console (2.0.0) lib/action_dispatch/debug_exceptions.rb:13:in `call'
  actionpack (4.2.0) lib/action_dispatch/middleware/show_exceptions.rb:30:in `call'
  railties (4.2.0) lib/rails/rack/logger.rb:38:in `call_app'
  railties (4.2.0) lib/rails/rack/logger.rb:20:in `block in call'
  activesupport (4.2.0) lib/active_support/tagged_logging.rb:68:in `block in tagged'
  activesupport (4.2.0) lib/active_support/tagged_logging.rb:26:in `tagged'
  activesupport (4.2.0) lib/active_support/tagged_logging.rb:68:in `tagged'
  railties (4.2.0) lib/rails/rack/logger.rb:20:in `call'
  actionpack (4.2.0) lib/action_dispatch/middleware/request_id.rb:21:in `call'
  rack (1.6.0) lib/rack/methodoverride.rb:22:in `call'
  rack (1.6.0) lib/rack/runtime.rb:18:in `call'
  activesupport (4.2.0) lib/active_support/cache/strategy/local_cache_middleware.rb:28:in `call'
  rack (1.6.0) lib/rack/lock.rb:17:in `call'
  actionpack (4.2.0) lib/action_dispatch/middleware/static.rb:113:in `call'
  rack (1.6.0) lib/rack/sendfile.rb:113:in `call'
  railties (4.2.0) lib/rails/engine.rb:518:in `call'
  railties (4.2.0) lib/rails/application.rb:164:in `call'
  rack (1.6.0) lib/rack/lock.rb:17:in `call'
  rack (1.6.0) lib/rack/content_length.rb:15:in `call'
  rack (1.6.0) lib/rack/handler/webrick.rb:89:in `service'
  /usr/local/Cellar/ruby/2.1.2_3/lib/ruby/2.1.0/webrick/httpserver.rb:138:in `service'
  /usr/local/Cellar/ruby/2.1.2_3/lib/ruby/2.1.0/webrick/httpserver.rb:94:in `run'
  /usr/local/Cellar/ruby/2.1.2_3/lib/ruby/2.1.0/webrick/server.rb:295:in `block in start_thread'


  Rendered /usr/local/lib/ruby/gems/2.1.0/gems/web-console-2.0.0/lib/action_dispatch/templates/rescues/unknown_action.html.erb within rescues/layout (0.4ms)


Started GET "/articles/new" for ::1 at 2015-01-22 13:11:59 -0500
Processing by ArticlesController#new as HTML
  Rendered articles/new.html.erb within layouts/application (0.2ms)
Completed 200 OK in 54ms (Views: 53.7ms | ActiveRecord: 0.0ms)


Started GET "/assets/welcome-a667019d38147c1c4b1e0a3afab2f583.css?body=1" for ::1 at 2015-01-22 13:11:59 -0500


Started GET "/assets/application-8c18e5d6e8ae399311ccba2b42b33209.css?body=1" for ::1 at 2015-01-22 13:11:59 -0500


Started GET "/assets/jquery-8c4e6828020641551e75881ff96bd52d.js?body=1" for ::1 at 2015-01-22 13:11:59 -0500


Started GET "/assets/jquery_ujs-dea3df1e9bbead522c4dd93cb57a1e87.js?body=1" for ::1 at 2015-01-22 13:11:59 -0500


Started GET "/assets/turbolinks-dec8433f33530f21d5f9404e0d893fa3.js?body=1" for ::1 at 2015-01-22 13:11:59 -0500


Started GET "/assets/welcome-14306cbf8971492c8d2c72c69ed66560.js?body=1" for ::1 at 2015-01-22 13:11:59 -0500


Started GET "/articles/new" for ::1 at 2015-01-22 13:12:08 -0500
Processing by ArticlesController#new as HTML
  Rendered articles/new.html.erb within layouts/application (0.0ms)
Completed 200 OK in 48ms (Views: 48.0ms | ActiveRecord: 0.0ms)


Started GET "/assets/welcome-a667019d38147c1c4b1e0a3afab2f583.css?body=1" for ::1 at 2015-01-22 13:12:09 -0500


Started GET "/assets/jquery-8c4e6828020641551e75881ff96bd52d.js?body=1" for ::1 at 2015-01-22 13:12:09 -0500


Started GET "/assets/application-8c18e5d6e8ae399311ccba2b42b33209.css?body=1" for ::1 at 2015-01-22 13:12:09 -0500


Started GET "/assets/welcome-14306cbf8971492c8d2c72c69ed66560.js?body=1" for ::1 at 2015-01-22 13:12:09 -0500


Started GET "/assets/jquery_ujs-dea3df1e9bbead522c4dd93cb57a1e87.js?body=1" for ::1 at 2015-01-22 13:12:09 -0500


Started GET "/assets/turbolinks-dec8433f33530f21d5f9404e0d893fa3.js?body=1" for ::1 at 2015-01-22 13:12:09 -0500


Started GET "/" for ::1 at 2015-01-22 13:14:28 -0500
Processing by WelcomeController#index as HTML
  Rendered welcome/index.html.erb within layouts/application (0.0ms)
Completed 200 OK in 47ms (Views: 46.2ms | ActiveRecord: 0.0ms)


Started GET "/assets/welcome-a667019d38147c1c4b1e0a3afab2f583.css?body=1" for ::1 at 2015-01-22 13:14:28 -0500


Started GET "/assets/application-8c18e5d6e8ae399311ccba2b42b33209.css?body=1" for ::1 at 2015-01-22 13:14:28 -0500


Started GET "/assets/jquery_ujs-dea3df1e9bbead522c4dd93cb57a1e87.js?body=1" for ::1 at 2015-01-22 13:14:28 -0500


Started GET "/assets/turbolinks-dec8433f33530f21d5f9404e0d893fa3.js?body=1" for ::1 at 2015-01-22 13:14:28 -0500


Started GET "/assets/jquery-8c4e6828020641551e75881ff96bd52d.js?body=1" for ::1 at 2015-01-22 13:14:28 -0500


Started GET "/assets/welcome-14306cbf8971492c8d2c72c69ed66560.js?body=1" for ::1 at 2015-01-22 13:14:28 -0500


Started GET "/articles/new" for ::1 at 2015-01-22 13:14:30 -0500
Processing by ArticlesController#new as HTML
  Rendered articles/new.html.erb within layouts/application (5.7ms)
Completed 200 OK in 48ms (Views: 47.7ms | ActiveRecord: 0.0ms)


Started GET "/assets/jquery-8c4e6828020641551e75881ff96bd52d.js?body=1" for ::1 at 2015-01-22 13:14:30 -0500


Started GET "/assets/welcome-a667019d38147c1c4b1e0a3afab2f583.css?body=1" for ::1 at 2015-01-22 13:14:30 -0500


Started GET "/assets/application-8c18e5d6e8ae399311ccba2b42b33209.css?body=1" for ::1 at 2015-01-22 13:14:30 -0500


Started GET "/assets/turbolinks-dec8433f33530f21d5f9404e0d893fa3.js?body=1" for ::1 at 2015-01-22 13:14:30 -0500


Started GET "/assets/welcome-14306cbf8971492c8d2c72c69ed66560.js?body=1" for ::1 at 2015-01-22 13:14:30 -0500


Started GET "/assets/jquery_ujs-dea3df1e9bbead522c4dd93cb57a1e87.js?body=1" for ::1 at 2015-01-22 13:14:30 -0500


Started POST "/articles/new" for ::1 at 2015-01-22 13:14:35 -0500

ActionController::RoutingError (No route matches [POST] "/articles/new"):
  web-console (2.0.0) lib/action_dispatch/debug_exceptions.rb:22:in `middleware_call'
  web-console (2.0.0) lib/action_dispatch/debug_exceptions.rb:13:in `call'
  actionpack (4.2.0) lib/action_dispatch/middleware/show_exceptions.rb:30:in `call'
  railties (4.2.0) lib/rails/rack/logger.rb:38:in `call_app'
  railties (4.2.0) lib/rails/rack/logger.rb:20:in `block in call'
  activesupport (4.2.0) lib/active_support/tagged_logging.rb:68:in `block in tagged'
  activesupport (4.2.0) lib/active_support/tagged_logging.rb:26:in `tagged'
  activesupport (4.2.0) lib/active_support/tagged_logging.rb:68:in `tagged'
  railties (4.2.0) lib/rails/rack/logger.rb:20:in `call'
  actionpack (4.2.0) lib/action_dispatch/middleware/request_id.rb:21:in `call'
  rack (1.6.0) lib/rack/methodoverride.rb:22:in `call'
  rack (1.6.0) lib/rack/runtime.rb:18:in `call'
  activesupport (4.2.0) lib/active_support/cache/strategy/local_cache_middleware.rb:28:in `call'
  rack (1.6.0) lib/rack/lock.rb:17:in `call'
  actionpack (4.2.0) lib/action_dispatch/middleware/static.rb:113:in `call'
  rack (1.6.0) lib/rack/sendfile.rb:113:in `call'
  railties (4.2.0) lib/rails/engine.rb:518:in `call'
  railties (4.2.0) lib/rails/application.rb:164:in `call'
  rack (1.6.0) lib/rack/lock.rb:17:in `call'
  rack (1.6.0) lib/rack/content_length.rb:15:in `call'
  rack (1.6.0) lib/rack/handler/webrick.rb:89:in `service'
  /usr/local/Cellar/ruby/2.1.2_3/lib/ruby/2.1.0/webrick/httpserver.rb:138:in `service'
  /usr/local/Cellar/ruby/2.1.2_3/lib/ruby/2.1.0/webrick/httpserver.rb:94:in `run'
  /usr/local/Cellar/ruby/2.1.2_3/lib/ruby/2.1.0/webrick/server.rb:295:in `block in start_thread'


  Rendered /usr/local/lib/ruby/gems/2.1.0/gems/web-console-2.0.0/lib/action_dispatch/templates/rescues/_trace.html.erb (1.1ms)
  Rendered /usr/local/lib/ruby/gems/2.1.0/gems/web-console-2.0.0/lib/action_dispatch/templates/routes/_route.html.erb (1.0ms)
  Rendered /usr/local/lib/ruby/gems/2.1.0/gems/web-console-2.0.0/lib/action_dispatch/templates/routes/_table.html.erb (0.9ms)
  Rendered /usr/local/lib/ruby/gems/2.1.0/gems/web-console-2.0.0/lib/action_dispatch/templates/rescues/_request_and_response.html.erb (1.0ms)
  Rendered /usr/local/lib/ruby/gems/2.1.0/gems/web-console-2.0.0/lib/action_dispatch/templates/rescues/_web_console.html.erb (0.7ms)
  Rendered /usr/local/lib/ruby/gems/2.1.0/gems/web-console-2.0.0/lib/action_dispatch/templates/rescues/routing_error.html.erb within rescues/layout (21.5ms)


Started GET "/articles/new" for ::1 at 2015-01-22 13:21:06 -0500
Processing by ArticlesController#new as HTML
  Rendered articles/new.html.erb within layouts/application (1.3ms)
Completed 200 OK in 49ms (Views: 48.2ms | ActiveRecord: 0.0ms)


Started GET "/assets/welcome-a667019d38147c1c4b1e0a3afab2f583.css?body=1" for ::1 at 2015-01-22 13:21:06 -0500


Started GET "/assets/articles-a667019d38147c1c4b1e0a3afab2f583.css?body=1" for ::1 at 2015-01-22 13:21:06 -0500


Started GET "/assets/jquery_ujs-dea3df1e9bbead522c4dd93cb57a1e87.js?body=1" for ::1 at 2015-01-22 13:21:06 -0500


Started GET "/assets/jquery-8c4e6828020641551e75881ff96bd52d.js?body=1" for ::1 at 2015-01-22 13:21:06 -0500


Started GET "/assets/turbolinks-dec8433f33530f21d5f9404e0d893fa3.js?body=1" for ::1 at 2015-01-22 13:21:06 -0500


Started GET "/assets/application-8c18e5d6e8ae399311ccba2b42b33209.css?body=1" for ::1 at 2015-01-22 13:21:06 -0500


Started GET "/assets/articles-14306cbf8971492c8d2c72c69ed66560.js?body=1" for ::1 at 2015-01-22 13:21:06 -0500


Started GET "/assets/welcome-14306cbf8971492c8d2c72c69ed66560.js?body=1" for ::1 at 2015-01-22 13:21:06 -0500


Started GET "/assets/application-f031f9a2272e1ae26a839d8146d22ac2.js?body=1" for ::1 at 2015-01-22 13:21:06 -0500


Started POST "/articles" for ::1 at 2015-01-22 13:21:07 -0500

AbstractController::ActionNotFound (The action 'create' could not be found for ArticlesController):
  actionpack (4.2.0) lib/abstract_controller/base.rb:132:in `process'
  actionview (4.2.0) lib/action_view/rendering.rb:30:in `process'
  actionpack (4.2.0) lib/action_controller/metal.rb:195:in `dispatch'
  actionpack (4.2.0) lib/action_controller/metal/rack_delegation.rb:13:in `dispatch'
  actionpack (4.2.0) lib/action_controller/metal.rb:236:in `block in action'
  actionpack (4.2.0) lib/action_dispatch/routing/route_set.rb:73:in `call'
  actionpack (4.2.0) lib/action_dispatch/routing/route_set.rb:73:in `dispatch'
  actionpack (4.2.0) lib/action_dispatch/routing/route_set.rb:42:in `serve'
  actionpack (4.2.0) lib/action_dispatch/journey/router.rb:43:in `block in serve'
  actionpack (4.2.0) lib/action_dispatch/journey/router.rb:30:in `each'
  actionpack (4.2.0) lib/action_dispatch/journey/router.rb:30:in `serve'
  actionpack (4.2.0) lib/action_dispatch/routing/route_set.rb:802:in `call'
  rack (1.6.0) lib/rack/etag.rb:24:in `call'
  rack (1.6.0) lib/rack/conditionalget.rb:38:in `call'
  rack (1.6.0) lib/rack/head.rb:13:in `call'
  actionpack (4.2.0) lib/action_dispatch/middleware/params_parser.rb:27:in `call'
  actionpack (4.2.0) lib/action_dispatch/middleware/flash.rb:260:in `call'
  rack (1.6.0) lib/rack/session/abstract/id.rb:225:in `context'
  rack (1.6.0) lib/rack/session/abstract/id.rb:220:in `call'
  actionpack (4.2.0) lib/action_dispatch/middleware/cookies.rb:560:in `call'
  activerecord (4.2.0) lib/active_record/query_cache.rb:36:in `call'
  activerecord (4.2.0) lib/active_record/connection_adapters/abstract/connection_pool.rb:647:in `call'
  activerecord (4.2.0) lib/active_record/migration.rb:378:in `call'
  actionpack (4.2.0) lib/action_dispatch/middleware/callbacks.rb:29:in `block in call'
  activesupport (4.2.0) lib/active_support/callbacks.rb:88:in `call'
  activesupport (4.2.0) lib/active_support/callbacks.rb:88:in `_run_callbacks'
  activesupport (4.2.0) lib/active_support/callbacks.rb:734:in `_run_call_callbacks'
  activesupport (4.2.0) lib/active_support/callbacks.rb:81:in `run_callbacks'
  actionpack (4.2.0) lib/action_dispatch/middleware/callbacks.rb:27:in `call'
  actionpack (4.2.0) lib/action_dispatch/middleware/reloader.rb:73:in `call'
  actionpack (4.2.0) lib/action_dispatch/middleware/remote_ip.rb:78:in `call'
  web-console (2.0.0) lib/action_dispatch/debug_exceptions.rb:18:in `middleware_call'
  web-console (2.0.0) lib/action_dispatch/debug_exceptions.rb:13:in `call'
  actionpack (4.2.0) lib/action_dispatch/middleware/show_exceptions.rb:30:in `call'
  railties (4.2.0) lib/rails/rack/logger.rb:38:in `call_app'
  railties (4.2.0) lib/rails/rack/logger.rb:20:in `block in call'
  activesupport (4.2.0) lib/active_support/tagged_logging.rb:68:in `block in tagged'
  activesupport (4.2.0) lib/active_support/tagged_logging.rb:26:in `tagged'
  activesupport (4.2.0) lib/active_support/tagged_logging.rb:68:in `tagged'
  railties (4.2.0) lib/rails/rack/logger.rb:20:in `call'
  actionpack (4.2.0) lib/action_dispatch/middleware/request_id.rb:21:in `call'
  rack (1.6.0) lib/rack/methodoverride.rb:22:in `call'
  rack (1.6.0) lib/rack/runtime.rb:18:in `call'
  activesupport (4.2.0) lib/active_support/cache/strategy/local_cache_middleware.rb:28:in `call'
  rack (1.6.0) lib/rack/lock.rb:17:in `call'
  actionpack (4.2.0) lib/action_dispatch/middleware/static.rb:113:in `call'
  rack (1.6.0) lib/rack/sendfile.rb:113:in `call'
  railties (4.2.0) lib/rails/engine.rb:518:in `call'
  railties (4.2.0) lib/rails/application.rb:164:in `call'
  rack (1.6.0) lib/rack/lock.rb:17:in `call'
  rack (1.6.0) lib/rack/content_length.rb:15:in `call'
  rack (1.6.0) lib/rack/handler/webrick.rb:89:in `service'
  /usr/local/Cellar/ruby/2.1.2_3/lib/ruby/2.1.0/webrick/httpserver.rb:138:in `service'
  /usr/local/Cellar/ruby/2.1.2_3/lib/ruby/2.1.0/webrick/httpserver.rb:94:in `run'
  /usr/local/Cellar/ruby/2.1.2_3/lib/ruby/2.1.0/webrick/server.rb:295:in `block in start_thread'


  Rendered /usr/local/lib/ruby/gems/2.1.0/gems/web-console-2.0.0/lib/action_dispatch/templates/rescues/unknown_action.html.erb within rescues/layout (0.3ms)
